Avis dans loadSupport(appDir, renv = sharedEnv, globalrenv = NULL) :
  Loading R/ subdirectory for Shiny application, but this directory appears to contain an R package. Sourcing files in R/ may cause unexpected behavior.
ℹ Loading archeoViz
Avis : 'rgl.init' failed, running with 'rgl.useNULL = TRUE'.

Listening on http://127.0.0.1:33813
Avis dans loadSupport(appDir, renv = sharedEnv, globalrenv = NULL) :
  Loading R/ subdirectory for Shiny application, but this directory appears to contain an R package. Sourcing files in R/ may cause unexpected behavior.
ℹ Loading archeoViz
Avis : Error in $<-.data.frame: le tableau de remplacement a 1 lignes, le tableau remplacé en a 0
  74: stop
  73: $<-.data.frame
  71: metadata.generator
   1: runApp
Avis dans loadSupport(appDir, renv = sharedEnv, globalrenv = NULL) :
  Loading R/ subdirectory for Shiny application, but this directory appears to contain an R package. Sourcing files in R/ may cause unexpected behavior.
ℹ Loading archeoViz
Avis dans loadSupport(appDir, renv = sharedEnv, globalrenv = NULL) :
  Loading R/ subdirectory for Shiny application, but this directory appears to contain an R package. Sourcing files in R/ may cause unexpected behavior.
ℹ Loading archeoViz
Avis : In sliderInput(): `value` should be greater than or equal to `min` (value = 4.49289, 5.49131, min = 4.9921).
Avis : In sliderInput(): `value` should be less than or equal to `max` (value = 4.49289, 5.49131, max = 5.00675).
Avis dans geom_point(data = planZ.df, aes_string(x = "x", y = "y", color = color.var,  :
  Ignoring unknown aesthetics: square, xyz, object_type, location_mode, and id
Avis : Ignoring 105 observations


Exécution arrêtée

