Avis dans loadSupport(appDir, renv = sharedEnv, globalrenv = NULL) :
  Loading R/ subdirectory for Shiny application, but this directory appears to contain an R package. Sourcing files in R/ may cause unexpected behavior.
ℹ Loading archeoViz
Avis : 'rgl.init' failed, running with 'rgl.useNULL = TRUE'.

Listening on http://127.0.0.1:36015
Avis dans .do_timelinedata(from.func.time.df, objects.dataset, timeline.ui.df) :
  NAs introduits lors de la conversion automatique
Avis : Error in : In sliderInput(): `min`, `max`, and `value` cannot be NULL, NA, or empty.
  100: stop
   99: validate_slider_value
   98: sliderInput
   97: renderUI [/data/user/a/archeoviz/zPublish/shiny/combe-cullier/R/app_server.R#728]
   96: func
   83: renderFunc
   82: output$sliderTimeline
    1: runApp
Avis dans geom_point(data = planZ.df, aes_string(x = "x", y = "y", color = color.var,  :
  Ignoring unknown aesthetics: square, object_type, location_mode, and id
Avis dans geom_point(data = planZ.df, aes_string(x = "x", y = "y", color = color.var,  :
  Ignoring unknown aesthetics: square, object_type, location_mode, and id


Exécution arrêtée

