Avis dans loadSupport(appDir, renv = sharedEnv, globalrenv = NULL) :
  Loading R/ subdirectory for Shiny application, but this directory appears to contain an R package. Sourcing files in R/ may cause unexpected behavior.
ℹ Loading archeoViz
Avis dans (function (dep_name, dep_ver = "*")  :
  Dependency package 'cxhull' not available.
Error in `abort_for_missing_packages()`:
! Dependency package(s) 'cxhull' not available.
Backtrace:
     ▆
  1. └─shiny::runApp(...)
  2.   ├─shiny::as.shiny.appobj(appDir)
  3.   └─shiny:::as.shiny.appobj.character(appDir)
  4.     └─shiny::shinyAppDir(x)
  5.       └─shiny:::shinyAppDir_appR("app.R", appDir, options = options)
  6.         └─shiny appObj()
  7.           └─shiny func(fname, ...)
  8.             └─shiny:::sourceUTF8(fullpath, envir = new.env(parent = sharedEnv))
  9.               └─base::eval(exprs, envir)
 10.                 └─base::eval(exprs, envir)
 11.                   ├─shiny::..stacktraceon..(...)
 12.                   └─pkgload::load_all(export_all = FALSE, helpers = FALSE, attach_testthat = FALSE)
 13.                     └─pkgload:::load_imports(path)
 14.                       └─pkgload:::abort_for_missing_packages(res, imports$package)
 15.                         └─rlang::abort(...)
Exécution arrêtée

