Avis dans loadSupport(appDir, renv = sharedEnv, globalrenv = NULL) :
  Loading R/ subdirectory for Shiny application, but this directory appears to contain an R package. Sourcing files in R/ may cause unexpected behavior.
ℹ Loading archeoViz
Avis : 'rgl.init' failed, running with 'rgl.useNULL = TRUE'.

Listening on http://127.0.0.1:37937
Avis dans structure(loc.modes, .Names = loc.modes) :
  L’appel de 'structure(NULL, *)' is obsolète car NULL ne peut pas avoir d’attributs.
  Considérez 'structure(list(), *)' à la place.
Avis : Error in [[: indice hors limites
  99: <Anonymous>
  98: radioButtons
  97: renderUI [/data/user/a/archeoviz/zPublish/shiny/roc-de-marcamps1/R/app_server.R#824]
  96: func
  83: renderFunc
  82: output$location_choice
   1: runApp
Avis : Error in if: l'argument est de longueur nulle
  114: <reactive:objects.subdataset> [/data/user/a/archeoviz/zPublish/shiny/roc-de-marcamps1/R/app_server.R#167]
   98: objects.subdataset
   97: renderUI [/data/user/a/archeoviz/zPublish/shiny/roc-de-marcamps1/R/app_server.R#860]
   96: func
   83: renderFunc
   82: output$show.surfaces
    1: runApp
Avis : Error in if: l'argument est de longueur nulle
  149: <Anonymous>
  148: stop
  147: objects.subdataset
  146: eventReactiveValueFunc [/data/user/a/archeoviz/zPublish/shiny/roc-de-marcamps1/R/app_server.R#409]
  102: plot3d
  101: ::
plotly
renderPlotly
  100: func
   97: shinyRenderWidget
   96: func
   83: renderFunc
   82: output$plot3d
    1: runApp
Avis : Error in if: l'argument est de longueur nulle
  149: <Anonymous>
  148: stop
  147: objects.subdataset
  146: eventReactiveValueFunc [/data/user/a/archeoviz/zPublish/shiny/roc-de-marcamps1/R/app_server.R#409]
  102: plot3d
  101: ::
plotly
renderPlotly
  100: func
   97: shinyRenderWidget
   96: func
   83: renderFunc
   82: output$plot3d
    1: runApp
Avis : Error in if: l'argument est de longueur nulle
  149: <Anonymous>
  148: stop
  147: objects.subdataset
  146: eventReactiveValueFunc [/data/user/a/archeoviz/zPublish/shiny/roc-de-marcamps1/R/app_server.R#409]
  102: plot3d
  101: ::
plotly
renderPlotly
  100: func
   97: shinyRenderWidget
   96: func
   83: renderFunc
   82: output$plot3d
    1: runApp


Exécution arrêtée

