Avis dans loadSupport(appDir, renv = sharedEnv, globalrenv = NULL) :
  Loading R/ subdirectory for Shiny application, but this directory appears to contain an R package. Sourcing files in R/ may cause unexpected behavior.
ℹ Loading archeoViz
Avis : 'rgl.init' failed, running with 'rgl.useNULL = TRUE'.

Listening on http://127.0.0.1:33507
Avis dans loadSupport(appDir, renv = sharedEnv, globalrenv = NULL) :
  Loading R/ subdirectory for Shiny application, but this directory appears to contain an R package. Sourcing files in R/ may cause unexpected behavior.
ℹ Loading archeoViz
Avis dans loadSupport(appDir, renv = sharedEnv, globalrenv = NULL) :
  Loading R/ subdirectory for Shiny application, but this directory appears to contain an R package. Sourcing files in R/ may cause unexpected behavior.
ℹ Loading archeoViz
Avis dans loadSupport(appDir, renv = sharedEnv, globalrenv = NULL) :
  Loading R/ subdirectory for Shiny application, but this directory appears to contain an R package. Sourcing files in R/ may cause unexpected behavior.
ℹ Loading archeoViz
Avis dans loadSupport(appDir, renv = sharedEnv, globalrenv = NULL) :
  Loading R/ subdirectory for Shiny application, but this directory appears to contain an R package. Sourcing files in R/ may cause unexpected behavior.
ℹ Loading archeoViz
Avis : Error in if: l'argument est de longueur nulle
  135: <reactive:group.variable> [/data/user/a/archeoviz/zPublish/shiny/roche-a-pierrot/R/app_server.R#147]
  119: group.variable
  114: <reactive:objects.subdataset> [/data/user/a/archeoviz/zPublish/shiny/roche-a-pierrot/R/app_server.R#161]
   98: objects.subdataset
   97: renderUI [/data/user/a/archeoviz/zPublish/shiny/roche-a-pierrot/R/app_server.R#828]
   96: func
   83: renderFunc
   82: output$show.surfaces
    1: runApp
Avis dans loadSupport(appDir, renv = sharedEnv, globalrenv = NULL) :
  Loading R/ subdirectory for Shiny application, but this directory appears to contain an R package. Sourcing files in R/ may cause unexpected behavior.
ℹ Loading archeoViz


Exécution arrêtée

