Avis dans loadSupport(appDir, renv = sharedEnv, globalrenv = NULL) :
  Loading R/ subdirectory for Shiny application, but this directory appears to contain an R package. Sourcing files in R/ may cause unexpected behavior.
ℹ Loading archeoViz
Avis : 'rgl.init' failed, running with 'rgl.useNULL = TRUE'.

Listening on http://127.0.0.1:35201
Avis dans structure(loc.modes, .Names = loc.modes) :
  L’appel de 'structure(NULL, *)' is obsolète car NULL ne peut pas avoir d’attributs.
  Considérez 'structure(list(), *)' à la place.
Avis : Error in [[: indice hors limites
  99: <Anonymous>
  98: radioButtons
  97: renderUI [/data/user/a/archeoviz/zPublish/shiny/tai/R/app_server.R#835]
  96: func
  83: renderFunc
  82: output$location_choice
   1: runApp
Avis dans structure(loc.modes, .Names = loc.modes) :
  L’appel de 'structure(NULL, *)' is obsolète car NULL ne peut pas avoir d’attributs.
  Considérez 'structure(list(), *)' à la place.
Avis : Error in [[: indice hors limites
  99: <Anonymous>
  98: radioButtons
  97: renderUI [/data/user/a/archeoviz/zPublish/shiny/tai/R/app_server.R#835]
  96: func
  83: renderFunc
  82: output$location_choice
   1: runApp


Exécution arrêtée

