Avis dans loadSupport(appDir, renv = sharedEnv, globalrenv = NULL) :
  Loading R/ subdirectory for Shiny application, but this directory appears to contain an R package. Sourcing files in R/ may cause unexpected behavior.
ℹ Loading archeoViz
Avis : 'rgl.init' failed, running with 'rgl.useNULL = TRUE'.

Listening on http://127.0.0.1:40501
Avis dans geom_point(data = planZ.df, aes_string(x = "x", y = "y", color = color.var,  :
  Ignoring unknown aesthetics: square, object_type, location_mode, and id
Avis dans geom_point(data = planZ.df, aes_string(x = "x", y = "y", color = color.var,  :
  Ignoring unknown aesthetics: square, object_type, location_mode, and id
Avis dans geom_point(data = planZ.df, aes_string(x = "x", y = "y", color = color.var,  :
  Ignoring unknown aesthetics: square, object_type, location_mode, and id
Avis dans geom_point(data = planZ.df, aes_string(x = "x", y = "y", color = color.var,  :
  Ignoring unknown aesthetics: square, object_type, location_mode, and id
Avis : `stat_contour()`: Zero contours were generated
Avis dans min(x) : aucun argument trouvé pour min ; Inf est renvoyé
Avis dans max(x) : aucun argument pour max ; -Inf est renvoyé
Avis dans loadSupport(appDir, renv = sharedEnv, globalrenv = NULL) :
  Loading R/ subdirectory for Shiny application, but this directory appears to contain an R package. Sourcing files in R/ may cause unexpected behavior.
ℹ Loading archeoViz
Avis dans file(file, "rt") :
  impossible d'ouvrir le fichier 'datasets/tai/tai.csv' : Aucun fichier ou dossier de ce type
Avis : Error in file: impossible d'ouvrir la connexion
  73: file
  72: read.table
  71: read.csv
   1: runApp
Avis : Error in setwd: argument de type caractère attendu
  1: runApp
Avis dans loadSupport(appDir, renv = sharedEnv, globalrenv = NULL) :
  Loading R/ subdirectory for Shiny application, but this directory appears to contain an R package. Sourcing files in R/ may cause unexpected behavior.
ℹ Loading archeoViz
Avis dans file(file, "rt") :
  impossible d'ouvrir le fichier 'datasets/tai/tai.csv' : Aucun fichier ou dossier de ce type
Avis : Error in file: impossible d'ouvrir la connexion
  73: file
  72: read.table
  71: read.csv
   1: runApp
Avis dans loadSupport(appDir, renv = sharedEnv, globalrenv = NULL) :
  Loading R/ subdirectory for Shiny application, but this directory appears to contain an R package. Sourcing files in R/ may cause unexpected behavior.
ℹ Loading archeoViz
Avis dans file(file, "rt") :
  impossible d'ouvrir le fichier 'datasets/tai/tai.csv' : Aucun fichier ou dossier de ce type
Avis : Error in file: impossible d'ouvrir la connexion
  73: file
  72: read.table
  71: read.csv
   1: runApp
Avis dans loadSupport(appDir, renv = sharedEnv, globalrenv = NULL) :
  Loading R/ subdirectory for Shiny application, but this directory appears to contain an R package. Sourcing files in R/ may cause unexpected behavior.
ℹ Loading archeoViz
Avis : Error in setwd: argument de type caractère attendu
  1: runApp
Avis dans loadSupport(appDir, renv = sharedEnv, globalrenv = NULL) :
  Loading R/ subdirectory for Shiny application, but this directory appears to contain an R package. Sourcing files in R/ may cause unexpected behavior.
ℹ Loading archeoViz


Exécution arrêtée

