Avis dans loadSupport(appDir, renv = sharedEnv, globalrenv = NULL) :
  Loading R/ subdirectory for Shiny application, but this directory appears to contain an R package. Sourcing files in R/ may cause unexpected behavior.
ℹ Loading archeoViz
Avis : 'rgl.init' failed, running with 'rgl.useNULL = TRUE'.

Listening on http://127.0.0.1:40397
Avis dans structure(loc.modes, .Names = loc.modes) :
  L’appel de 'structure(NULL, *)' is obsolète car NULL ne peut pas avoir d’attributs.
  Considérez 'structure(list(), *)' à la place.
Avis : Error in [[: indice hors limites
  99: <Anonymous>
  98: radioButtons
  97: renderUI [/data/user/a/archeoviz/zPublish/shiny/tai/R/app_server.R#824]
  96: func
  83: renderFunc
  82: output$location_choice
   1: runApp
Avis : Error in if: l'argument est de longueur nulle
  114: <reactive:objects.subdataset> [/data/user/a/archeoviz/zPublish/shiny/tai/R/app_server.R#167]
   98: objects.subdataset
   97: renderUI [/data/user/a/archeoviz/zPublish/shiny/tai/R/app_server.R#860]
   96: func
   83: renderFunc
   82: output$show.surfaces
    1: runApp
Avis : Error in if: l'argument est de longueur nulle
  100: <Anonymous>
   99: stop
   98: objects.subdataset
   97: renderTable [/data/user/a/archeoviz/zPublish/shiny/tai/R/app_server.R#289]
   96: func
   83: renderFunc
   82: output$id.tab
    1: runApp
Avis : Error in if: l'argument est de longueur nulle
  131: <reactive:objects.subdataset> [/data/user/a/archeoviz/zPublish/shiny/tai/R/app_server.R#167]
  115: objects.subdataset
  114: <reactive:by.variable.table> [/data/user/a/archeoviz/zPublish/shiny/tai/R/app_server.R#307]
   98: by.variable.table
   97: renderTable [/data/user/a/archeoviz/zPublish/shiny/tai/R/app_server.R#312]
   96: func
   83: renderFunc
   82: output$by.variable.table
    1: runApp
Avis : Error in if: l'argument est de longueur nulle
  117: <Anonymous>
  116: stop
  115: objects.subdataset
  114: <reactive:by.layer.table> [/data/user/a/archeoviz/zPublish/shiny/tai/R/app_server.R#319]
   98: by.layer.table
   97: renderTable [/data/user/a/archeoviz/zPublish/shiny/tai/R/app_server.R#324]
   96: func
   83: renderFunc
   82: output$by.layer.table
    1: runApp
Avis : Error in if: l'argument est de longueur nulle
  114: <reactive:objects.subdataset> [/data/user/a/archeoviz/zPublish/shiny/tai/R/app_server.R#167]
   98: objects.subdataset
   97: renderTable [/data/user/a/archeoviz/zPublish/shiny/tai/R/app_server.R#289]
   96: func
   83: renderFunc
   82: output$id.tab
    1: runApp
Avis : Error in if: l'argument est de longueur nulle
  100: <Anonymous>
   99: stop
   98: objects.subdataset
   97: renderUI [/data/user/a/archeoviz/zPublish/shiny/tai/R/app_server.R#860]
   96: func
   83: renderFunc
   82: output$show.surfaces
    1: runApp
Avis : Error in if: l'argument est de longueur nulle
  149: <Anonymous>
  148: stop
  147: objects.subdataset
  146: eventReactiveValueFunc [/data/user/a/archeoviz/zPublish/shiny/tai/R/app_server.R#409]
  102: plot3d
  101: ::
plotly
renderPlotly
  100: func
   97: shinyRenderWidget
   96: func
   83: renderFunc
   82: output$plot3d
    1: runApp
Avis : Error in if: l'argument est de longueur nulle
  117: <Anonymous>
  116: stop
  115: objects.subdataset
  114: <reactive:by.variable.table> [/data/user/a/archeoviz/zPublish/shiny/tai/R/app_server.R#307]
   98: by.variable.table
   97: renderTable [/data/user/a/archeoviz/zPublish/shiny/tai/R/app_server.R#312]
   96: func
   83: renderFunc
   82: output$by.variable.table
    1: runApp
Avis : Error in if: l'argument est de longueur nulle
  117: <Anonymous>
  116: stop
  115: objects.subdataset
  114: <reactive:by.layer.table> [/data/user/a/archeoviz/zPublish/shiny/tai/R/app_server.R#319]
   98: by.layer.table
   97: renderTable [/data/user/a/archeoviz/zPublish/shiny/tai/R/app_server.R#324]
   96: func
   83: renderFunc
   82: output$by.layer.table
    1: runApp
Avis : Error in if: l'argument est de longueur nulle
  131: <reactive:objects.subdataset> [/data/user/a/archeoviz/zPublish/shiny/tai/R/app_server.R#167]
  115: objects.subdataset
  114: <reactive:by.variable.table> [/data/user/a/archeoviz/zPublish/shiny/tai/R/app_server.R#307]
   98: by.variable.table
   97: renderTable [/data/user/a/archeoviz/zPublish/shiny/tai/R/app_server.R#312]
   96: func
   83: renderFunc
   82: output$by.variable.table
    1: runApp
Avis : Error in if: l'argument est de longueur nulle
  117: <Anonymous>
  116: stop
  115: objects.subdataset
  114: <reactive:by.layer.table> [/data/user/a/archeoviz/zPublish/shiny/tai/R/app_server.R#319]
   98: by.layer.table
   97: renderTable [/data/user/a/archeoviz/zPublish/shiny/tai/R/app_server.R#324]
   96: func
   83: renderFunc
   82: output$by.layer.table
    1: runApp
Avis : Error in if: l'argument est de longueur nulle
  149: <Anonymous>
  148: stop
  147: objects.subdataset
  146: eventReactiveValueFunc [/data/user/a/archeoviz/zPublish/shiny/tai/R/app_server.R#556]
  102: sectionXplot
  101: ::
plotly
renderPlotly [/data/user/a/archeoviz/zPublish/shiny/tai/R/app_server.R#573]
  100: func
   97: shinyRenderWidget
   96: func
   83: renderFunc
   82: output$sectionXplot
    1: runApp
Avis : Error in if: l'argument est de longueur nulle
  149: <Anonymous>
  148: stop
  147: objects.subdataset
  146: eventReactiveValueFunc [/data/user/a/archeoviz/zPublish/shiny/tai/R/app_server.R#602]
  102: map
  101: ::
plotly
renderPlotly [/data/user/a/archeoviz/zPublish/shiny/tai/R/app_server.R#674]
  100: func
   97: shinyRenderWidget
   96: func
   83: renderFunc
   82: output$map
    1: runApp
Avis : Error in if: l'argument est de longueur nulle
  114: <reactive:objects.subdataset> [/data/user/a/archeoviz/zPublish/shiny/tai/R/app_server.R#167]
   98: objects.subdataset
   97: renderTable [/data/user/a/archeoviz/zPublish/shiny/tai/R/app_server.R#289]
   96: func
   83: renderFunc
   82: output$id.tab
    1: runApp
Avis : Error in if: l'argument est de longueur nulle
  100: <Anonymous>
   99: stop
   98: objects.subdataset
   97: renderUI [/data/user/a/archeoviz/zPublish/shiny/tai/R/app_server.R#860]
   96: func
   83: renderFunc
   82: output$show.surfaces
    1: runApp
Avis dans structure(loc.modes, .Names = loc.modes) :
  L’appel de 'structure(NULL, *)' is obsolète car NULL ne peut pas avoir d’attributs.
  Considérez 'structure(list(), *)' à la place.
Avis : Error in [[: indice hors limites
  99: <Anonymous>
  98: radioButtons
  97: renderUI [/data/user/a/archeoviz/zPublish/shiny/tai/R/app_server.R#824]
  96: func
  83: renderFunc
  82: output$location_choice
   1: runApp
Avis : Error in if: l'argument est de longueur nulle
  114: <reactive:objects.subdataset> [/data/user/a/archeoviz/zPublish/shiny/tai/R/app_server.R#167]
   98: objects.subdataset
   97: renderUI [/data/user/a/archeoviz/zPublish/shiny/tai/R/app_server.R#860]
   96: func
   83: renderFunc
   82: output$show.surfaces
    1: runApp
Avis : Error in if: l'argument est de longueur nulle
  149: <Anonymous>
  148: stop
  147: objects.subdataset
  146: eventReactiveValueFunc [/data/user/a/archeoviz/zPublish/shiny/tai/R/app_server.R#579]
  102: sectionYplot
  101: ::
plotly
renderPlotly [/data/user/a/archeoviz/zPublish/shiny/tai/R/app_server.R#596]
  100: func
   97: shinyRenderWidget
   96: func
   83: renderFunc
   82: output$sectionYplot
    1: runApp
Avis : Error in if: l'argument est de longueur nulle
  149: <Anonymous>
  148: stop
  147: objects.subdataset
  146: eventReactiveValueFunc [/data/user/a/archeoviz/zPublish/shiny/tai/R/app_server.R#556]
  102: sectionXplot
  101: ::
plotly
renderPlotly [/data/user/a/archeoviz/zPublish/shiny/tai/R/app_server.R#573]
  100: func
   97: shinyRenderWidget
   96: func
   83: renderFunc
   82: output$sectionXplot
    1: runApp
Avis : Error in if: l'argument est de longueur nulle
  117: <Anonymous>
  116: stop
  115: objects.subdataset
  114: <reactive:by.variable.table> [/data/user/a/archeoviz/zPublish/shiny/tai/R/app_server.R#307]
   98: by.variable.table
   97: renderTable [/data/user/a/archeoviz/zPublish/shiny/tai/R/app_server.R#312]
   96: func
   83: renderFunc
   82: output$by.variable.table
    1: runApp
Avis : Error in if: l'argument est de longueur nulle
  117: <Anonymous>
  116: stop
  115: objects.subdataset
  114: <reactive:by.layer.table> [/data/user/a/archeoviz/zPublish/shiny/tai/R/app_server.R#319]
   98: by.layer.table
   97: renderTable [/data/user/a/archeoviz/zPublish/shiny/tai/R/app_server.R#324]
   96: func
   83: renderFunc
   82: output$by.layer.table
    1: runApp
Avis : Error in if: l'argument est de longueur nulle
  131: <reactive:objects.subdataset> [/data/user/a/archeoviz/zPublish/shiny/tai/R/app_server.R#167]
  115: objects.subdataset
  114: <reactive:by.variable.table> [/data/user/a/archeoviz/zPublish/shiny/tai/R/app_server.R#307]
   98: by.variable.table
   97: renderTable [/data/user/a/archeoviz/zPublish/shiny/tai/R/app_server.R#312]
   96: func
   83: renderFunc
   82: output$by.variable.table
    1: runApp
Avis : Error in if: l'argument est de longueur nulle
  117: <Anonymous>
  116: stop
  115: objects.subdataset
  114: <reactive:by.layer.table> [/data/user/a/archeoviz/zPublish/shiny/tai/R/app_server.R#319]
   98: by.layer.table
   97: renderTable [/data/user/a/archeoviz/zPublish/shiny/tai/R/app_server.R#324]
   96: func
   83: renderFunc
   82: output$by.layer.table
    1: runApp
Avis : Error in if: l'argument est de longueur nulle
  117: <Anonymous>
  116: stop
  115: objects.subdataset
  114: <reactive:by.variable.table> [/data/user/a/archeoviz/zPublish/shiny/tai/R/app_server.R#307]
   98: by.variable.table
   97: renderTable [/data/user/a/archeoviz/zPublish/shiny/tai/R/app_server.R#312]
   96: func
   83: renderFunc
   82: output$by.variable.table
    1: runApp
Avis : Error in if: l'argument est de longueur nulle
  117: <Anonymous>
  116: stop
  115: objects.subdataset
  114: <reactive:by.layer.table> [/data/user/a/archeoviz/zPublish/shiny/tai/R/app_server.R#319]
   98: by.layer.table
   97: renderTable [/data/user/a/archeoviz/zPublish/shiny/tai/R/app_server.R#324]
   96: func
   83: renderFunc
   82: output$by.layer.table
    1: runApp
Avis : Error in if: l'argument est de longueur nulle
  131: <reactive:objects.subdataset> [/data/user/a/archeoviz/zPublish/shiny/tai/R/app_server.R#167]
  115: objects.subdataset
  114: <reactive:by.variable.table> [/data/user/a/archeoviz/zPublish/shiny/tai/R/app_server.R#307]
   98: by.variable.table
   97: renderTable [/data/user/a/archeoviz/zPublish/shiny/tai/R/app_server.R#312]
   96: func
   83: renderFunc
   82: output$by.variable.table
    1: runApp
Avis : Error in if: l'argument est de longueur nulle
  117: <Anonymous>
  116: stop
  115: objects.subdataset
  114: <reactive:by.layer.table> [/data/user/a/archeoviz/zPublish/shiny/tai/R/app_server.R#319]
   98: by.layer.table
   97: renderTable [/data/user/a/archeoviz/zPublish/shiny/tai/R/app_server.R#324]
   96: func
   83: renderFunc
   82: output$by.layer.table
    1: runApp
Avis : Error in if: l'argument est de longueur nulle
  117: <Anonymous>
  116: stop
  115: objects.subdataset
  114: <reactive:by.variable.table> [/data/user/a/archeoviz/zPublish/shiny/tai/R/app_server.R#307]
   98: by.variable.table
   97: renderTable [/data/user/a/archeoviz/zPublish/shiny/tai/R/app_server.R#312]
   96: func
   83: renderFunc
   82: output$by.variable.table
    1: runApp
Avis : Error in if: l'argument est de longueur nulle
  117: <Anonymous>
  116: stop
  115: objects.subdataset
  114: <reactive:by.layer.table> [/data/user/a/archeoviz/zPublish/shiny/tai/R/app_server.R#319]
   98: by.layer.table
   97: renderTable [/data/user/a/archeoviz/zPublish/shiny/tai/R/app_server.R#324]
   96: func
   83: renderFunc
   82: output$by.layer.table
    1: runApp
Avis dans structure(loc.modes, .Names = loc.modes) :
  L’appel de 'structure(NULL, *)' is obsolète car NULL ne peut pas avoir d’attributs.
  Considérez 'structure(list(), *)' à la place.
Avis : Error in [[: indice hors limites
  99: <Anonymous>
  98: radioButtons
  97: renderUI [/data/user/a/archeoviz/zPublish/shiny/tai/R/app_server.R#824]
  96: func
  83: renderFunc
  82: output$location_choice
   1: runApp


Exécution arrêtée

